2021-11-30 16:08:23.096  INFO 12048 --- [main] c.cg.ofda.SprintFoodDeliveryApplication  : Starting SprintFoodDeliveryApplication using Java 17 on DESKTOP-A7E3J7D with PID 12048 (E:\d drive\All Workspace\SpringSTS-Workspace\SPRINT-FoodDelivery\target\classes started by Shree in E:\d drive\All Workspace\SpringSTS-Workspace\SPRINT-FoodDelivery)
2021-11-30 16:08:23.100  INFO 12048 --- [main] c.cg.ofda.SprintFoodDeliveryApplication  : No active profile set, falling back to default profiles: default
2021-11-30 16:08:24.124  INFO 12048 --- [main] .s.d.r.c.RepositoryConfigurationDelegate : Bootstrapping Spring Data JPA repositories in DEFAULT mode.
2021-11-30 16:08:24.210  INFO 12048 --- [main] .s.d.r.c.RepositoryConfigurationDelegate : Finished Spring Data repository scanning in 71 ms. Found 1 JPA repository interfaces.
2021-11-30 16:08:25.065  INFO 12048 --- [main] o.s.b.w.embedded.tomcat.TomcatWebServer  : Tomcat initialized with port(s): 9999 (http)
2021-11-30 16:08:25.086  INFO 12048 --- [main] o.apache.catalina.core.StandardService   : Starting service [Tomcat]
2021-11-30 16:08:25.086  INFO 12048 --- [main] org.apache.catalina.core.StandardEngine  : Starting Servlet engine: [Apache Tomcat/9.0.55]
2021-11-30 16:08:25.271  INFO 12048 --- [main] o.a.c.c.C.[Tomcat].[localhost].[/]       : Initializing Spring embedded WebApplicationContext
2021-11-30 16:08:25.271  INFO 12048 --- [main] w.s.c.ServletWebServerApplicationContext : Root WebApplicationContext: initialization completed in 2076 ms
2021-11-30 16:08:25.617  INFO 12048 --- [main] o.hibernate.jpa.internal.util.LogHelper  : HHH000204: Processing PersistenceUnitInfo [name: default]
2021-11-30 16:08:25.703  INFO 12048 --- [main] org.hibernate.Version                    : HHH000412: Hibernate ORM core version 5.6.1.Final
2021-11-30 16:08:26.008  INFO 12048 --- [main] o.hibernate.annotations.common.Version   : HCANN000001: Hibernate Commons Annotations {5.1.2.Final}
2021-11-30 16:08:26.174  INFO 12048 --- [main] com.zaxxer.hikari.HikariDataSource       : HikariPool-1 - Starting...
2021-11-30 16:08:26.489  INFO 12048 --- [main] com.zaxxer.hikari.HikariDataSource       : HikariPool-1 - Start completed.
2021-11-30 16:08:26.707  INFO 12048 --- [main] org.hibernate.dialect.Dialect            : HHH000400: Using dialect: org.hibernate.dialect.MySQL55Dialect
2021-11-30 16:08:29.446  INFO 12048 --- [main] o.h.e.t.j.p.i.JtaPlatformInitiator       : HHH000490: Using JtaPlatform implementation: [org.hibernate.engine.transaction.jta.platform.internal.NoJtaPlatform]
2021-11-30 16:08:29.464  INFO 12048 --- [main] j.LocalContainerEntityManagerFactoryBean : Initialized JPA EntityManagerFactory for persistence unit 'default'
2021-11-30 16:08:30.392  WARN 12048 --- [main] JpaBaseConfiguration$JpaWebConfiguration : spring.jpa.open-in-view is enabled by default. Therefore, database queries may be performed during view rendering. Explicitly configure spring.jpa.open-in-view to disable this warning
2021-11-30 16:08:31.602  INFO 12048 --- [main] o.s.b.w.embedded.tomcat.TomcatWebServer  : Tomcat started on port(s): 9999 (http) with context path ''
2021-11-30 16:08:31.613  INFO 12048 --- [main] c.cg.ofda.SprintFoodDeliveryApplication  : Started SprintFoodDeliveryApplication in 9.187 seconds (JVM running for 10.568)
2021-11-30 16:09:14.273  INFO 12048 --- [RMI TCP Connection(4)-127.0.0.1] inMXBeanRegistrar$SpringApplicationAdmin : Application shutdown requested.
2021-11-30 16:09:14.304  INFO 12048 --- [RMI TCP Connection(4)-127.0.0.1] j.LocalContainerEntityManagerFactoryBean : Closing JPA EntityManagerFactory for persistence unit 'default'
2021-11-30 16:09:14.306  INFO 12048 --- [RMI TCP Connection(4)-127.0.0.1] com.zaxxer.hikari.HikariDataSource       : HikariPool-1 - Shutdown initiated...
2021-11-30 16:09:14.327  INFO 12048 --- [RMI TCP Connection(4)-127.0.0.1] com.zaxxer.hikari.HikariDataSource       : HikariPool-1 - Shutdown completed.
2021-11-30 16:09:22.763  INFO 1060 --- [main] c.cg.ofda.SprintFoodDeliveryApplication  : Starting SprintFoodDeliveryApplication using Java 17 on DESKTOP-A7E3J7D with PID 1060 (E:\d drive\All Workspace\SpringSTS-Workspace\SPRINT-FoodDelivery\target\classes started by Shree in E:\d drive\All Workspace\SpringSTS-Workspace\SPRINT-FoodDelivery)
2021-11-30 16:09:22.768  INFO 1060 --- [main] c.cg.ofda.SprintFoodDeliveryApplication  : No active profile set, falling back to default profiles: default
2021-11-30 16:09:23.987  INFO 1060 --- [main] .s.d.r.c.RepositoryConfigurationDelegate : Bootstrapping Spring Data JPA repositories in DEFAULT mode.
2021-11-30 16:09:24.069  INFO 1060 --- [main] .s.d.r.c.RepositoryConfigurationDelegate : Finished Spring Data repository scanning in 65 ms. Found 1 JPA repository interfaces.
2021-11-30 16:09:24.906  INFO 1060 --- [main] o.s.b.w.embedded.tomcat.TomcatWebServer  : Tomcat initialized with port(s): 9999 (http)
2021-11-30 16:09:24.921  INFO 1060 --- [main] o.apache.catalina.core.StandardService   : Starting service [Tomcat]
2021-11-30 16:09:24.921  INFO 1060 --- [main] org.apache.catalina.core.StandardEngine  : Starting Servlet engine: [Apache Tomcat/9.0.55]
2021-11-30 16:09:25.168  INFO 1060 --- [main] o.a.c.c.C.[Tomcat].[localhost].[/]       : Initializing Spring embedded WebApplicationContext
2021-11-30 16:09:25.169  INFO 1060 --- [main] w.s.c.ServletWebServerApplicationContext : Root WebApplicationContext: initialization completed in 2329 ms
2021-11-30 16:09:25.520  INFO 1060 --- [main] o.hibernate.jpa.internal.util.LogHelper  : HHH000204: Processing PersistenceUnitInfo [name: default]
2021-11-30 16:09:25.604  INFO 1060 --- [main] org.hibernate.Version                    : HHH000412: Hibernate ORM core version 5.6.1.Final
2021-11-30 16:09:25.886  INFO 1060 --- [main] o.hibernate.annotations.common.Version   : HCANN000001: Hibernate Commons Annotations {5.1.2.Final}
2021-11-30 16:09:26.050  INFO 1060 --- [main] com.zaxxer.hikari.HikariDataSource       : HikariPool-1 - Starting...
2021-11-30 16:09:26.288  INFO 1060 --- [main] com.zaxxer.hikari.HikariDataSource       : HikariPool-1 - Start completed.
2021-11-30 16:09:26.337  INFO 1060 --- [main] org.hibernate.dialect.Dialect            : HHH000400: Using dialect: org.hibernate.dialect.MySQL55Dialect
2021-11-30 16:09:28.047  INFO 1060 --- [main] o.h.e.t.j.p.i.JtaPlatformInitiator       : HHH000490: Using JtaPlatform implementation: [org.hibernate.engine.transaction.jta.platform.internal.NoJtaPlatform]
2021-11-30 16:09:28.065  INFO 1060 --- [main] j.LocalContainerEntityManagerFactoryBean : Initialized JPA EntityManagerFactory for persistence unit 'default'
2021-11-30 16:09:28.522  WARN 1060 --- [main] JpaBaseConfiguration$JpaWebConfiguration : spring.jpa.open-in-view is enabled by default. Therefore, database queries may be performed during view rendering. Explicitly configure spring.jpa.open-in-view to disable this warning
2021-11-30 16:09:29.106  INFO 1060 --- [main] o.s.b.w.embedded.tomcat.TomcatWebServer  : Tomcat started on port(s): 9999 (http) with context path ''
2021-11-30 16:09:29.118  INFO 1060 --- [main] c.cg.ofda.SprintFoodDeliveryApplication  : Started SprintFoodDeliveryApplication in 6.99 seconds (JVM running for 8.615)
2021-11-30 16:10:14.620  INFO 1060 --- [RMI TCP Connection(3)-127.0.0.1] inMXBeanRegistrar$SpringApplicationAdmin : Application shutdown requested.
2021-11-30 16:10:14.742  INFO 1060 --- [RMI TCP Connection(3)-127.0.0.1] j.LocalContainerEntityManagerFactoryBean : Closing JPA EntityManagerFactory for persistence unit 'default'
2021-11-30 16:10:14.746  INFO 1060 --- [RMI TCP Connection(3)-127.0.0.1] com.zaxxer.hikari.HikariDataSource       : HikariPool-1 - Shutdown initiated...
2021-11-30 16:10:14.777  INFO 1060 --- [RMI TCP Connection(3)-127.0.0.1] com.zaxxer.hikari.HikariDataSource       : HikariPool-1 - Shutdown completed.
2021-11-30 16:10:23.267  INFO 7844 --- [main] c.cg.ofda.SprintFoodDeliveryApplication  : Starting SprintFoodDeliveryApplication using Java 17 on DESKTOP-A7E3J7D with PID 7844 (E:\d drive\All Workspace\SpringSTS-Workspace\SPRINT-FoodDelivery\target\classes started by Shree in E:\d drive\All Workspace\SpringSTS-Workspace\SPRINT-FoodDelivery)
2021-11-30 16:10:23.272  INFO 7844 --- [main] c.cg.ofda.SprintFoodDeliveryApplication  : No active profile set, falling back to default profiles: default
2021-11-30 16:10:24.269  INFO 7844 --- [main] .s.d.r.c.RepositoryConfigurationDelegate : Bootstrapping Spring Data JPA repositories in DEFAULT mode.
2021-11-30 16:10:24.345  INFO 7844 --- [main] .s.d.r.c.RepositoryConfigurationDelegate : Finished Spring Data repository scanning in 63 ms. Found 1 JPA repository interfaces.
2021-11-30 16:10:25.182  INFO 7844 --- [main] o.s.b.w.embedded.tomcat.TomcatWebServer  : Tomcat initialized with port(s): 9999 (http)
2021-11-30 16:10:25.199  INFO 7844 --- [main] o.apache.catalina.core.StandardService   : Starting service [Tomcat]
2021-11-30 16:10:25.199  INFO 7844 --- [main] org.apache.catalina.core.StandardEngine  : Starting Servlet engine: [Apache Tomcat/9.0.55]
2021-11-30 16:10:25.376  INFO 7844 --- [main] o.a.c.c.C.[Tomcat].[localhost].[/]       : Initializing Spring embedded WebApplicationContext
2021-11-30 16:10:25.377  INFO 7844 --- [main] w.s.c.ServletWebServerApplicationContext : Root WebApplicationContext: initialization completed in 2009 ms
2021-11-30 16:10:25.737  INFO 7844 --- [main] o.hibernate.jpa.internal.util.LogHelper  : HHH000204: Processing PersistenceUnitInfo [name: default]
2021-11-30 16:10:25.842  INFO 7844 --- [main] org.hibernate.Version                    : HHH000412: Hibernate ORM core version 5.6.1.Final
2021-11-30 16:10:26.106  INFO 7844 --- [main] o.hibernate.annotations.common.Version   : HCANN000001: Hibernate Commons Annotations {5.1.2.Final}
2021-11-30 16:10:26.305  INFO 7844 --- [main] com.zaxxer.hikari.HikariDataSource       : HikariPool-1 - Starting...
2021-11-30 16:10:26.586  INFO 7844 --- [main] com.zaxxer.hikari.HikariDataSource       : HikariPool-1 - Start completed.
2021-11-30 16:10:26.646  INFO 7844 --- [main] org.hibernate.dialect.Dialect            : HHH000400: Using dialect: org.hibernate.dialect.MySQL55Dialect
2021-11-30 16:10:28.239  INFO 7844 --- [main] o.h.e.t.j.p.i.JtaPlatformInitiator       : HHH000490: Using JtaPlatform implementation: [org.hibernate.engine.transaction.jta.platform.internal.NoJtaPlatform]
2021-11-30 16:10:28.249  INFO 7844 --- [main] j.LocalContainerEntityManagerFactoryBean : Initialized JPA EntityManagerFactory for persistence unit 'default'
2021-11-30 16:10:28.724  WARN 7844 --- [main] JpaBaseConfiguration$JpaWebConfiguration : spring.jpa.open-in-view is enabled by default. Therefore, database queries may be performed during view rendering. Explicitly configure spring.jpa.open-in-view to disable this warning
2021-11-30 16:10:29.317  INFO 7844 --- [main] o.s.b.w.embedded.tomcat.TomcatWebServer  : Tomcat started on port(s): 9999 (http) with context path ''
2021-11-30 16:10:29.333  INFO 7844 --- [main] c.cg.ofda.SprintFoodDeliveryApplication  : Started SprintFoodDeliveryApplication in 6.686 seconds (JVM running for 7.989)
